20:29:42 01/01/2016 : user( admin ) : ticket( -1 ) : Modification d'un utilisateur 
20:30:15 01/01/2016 : user( admin ) : ticket( -1 ) : Changement des Paramètres 
20:30:34 01/01/2016 : user( adil ) : ticket( -1 ) : connexion avec succès 
20:31:47 01/01/2016 : user( adil ) : ticket( -1 ) : connexion avec succès 
20:32:22 01/01/2016 : user( admin ) : ticket( -1 ) : connexion avec succès 
20:32:36 01/01/2016 : user( admin ) : ticket( -1 ) : Changement des Paramètres 
20:32:44 01/01/2016 : user( admin ) : ticket( -1 ) : Changement des Paramètres 
20:32:57 01/01/2016 : user( adil ) : ticket( -1 ) : connexion avec succès 
20:14:13 02/01/2016 : user( admin ) : ticket( -1 ) : connexion avec succès 
20:15:25 02/01/2016 : user( adil ) : ticket( -1 ) : connexion avec succès 
20:45:09 02/01/2016 : user( adil ) : ticket( -1 ) : connexion avec succès 
20:45:42 02/01/2016 : user( adil ) : ticket( -1 ) : connexion avec succès 
20:46:33 02/01/2016 : user( adil ) : ticket( -1 ) : connexion avec succès 
20:53:06 02/01/2016 : user( adil ) : ticket( -1 ) : connexion avec succès 
21:00:41 02/01/2016 : user( adil ) : ticket( -1 ) : connexion avec succès 
21:15:01 02/01/2016 : user( adil ) : ticket( -1 ) : connexion avec succès 
21:15:05 02/01/2016 : user( adil ) : ticket( 15 ) : Retirer une Ticket 
21:15:09 02/01/2016 : user( adil ) : ticket( -1 ) : Encaissement 
21:15:18 02/01/2016 : user( admin ) : ticket( -1 ) : connexion avec succès 
21:15:44 02/01/2016 : user( adil ) : ticket( -1 ) : connexion avec succès 
